<?xml version="1.0" encoding="UTF-8"?>
<beans xmlns="http://www.springframework.org/schema/beans"
       xmlns:xsi="http://www.w3.org/2001/XMLSchema-instance"
       xsi:schemaLocation="http://www.springframework.org/schema/beans
                              http://www.springframework.org/schema/beans/spring-beans.xsd
                              http://xmlns.jcp.org/xml/ns/javaee
                              http://xmlns.jcp.org/xml/ns/javaee/jobXML_1_0.xsd">

    <!--<bean id="TestJob" class="org.springframework.batch.core.job.SimpleJob">
        <property name="jobRepository" ref="jobRepository"/>
       &lt;!&ndash; <batch:job-repository/>
        <batch:job id="ACER">
            <batch:step id="step1">
                <batchlet ref="HelloBatchlet"/>
            </batch:step>
        </batch:job>&ndash;&gt;
    </bean>-->


    <import resource="ACER.xml"/>


    <bean class="org.springframework.batch.test.JobLauncherTestUtils">
        <property name="job" ref="fooJob" />
    </bean>

    <bean id="jobLauncher"
          class="org.springframework.batch.core.launch.support.SimpleJobLauncher">
        <property name="jobRepository" ref="jobRepository" />
    </bean>

    <bean id="jobExplorer" class="org.springframework.batch.core.explore.support.JobExplorerFactoryBean">
        <property name="dataSource" ref="dataSource"/>
    </bean>

    <import resource="database.xml" />

   <bean id="jobRepository"
          class="org.springframework.batch.core.repository.support.JobRepositoryFactoryBean">
        <property name="dataSource" ref="dataSource" />
        <property name="transactionManager" ref="transactionManager" />
        <property name="databaseType" value="hsql" />
    </bean>


</beans>